
*** Running vivado
    with args -log uart.vds -m64 -product Vivado -mode batch -messageDb vivado.pb -notrace -source uart.tcl


****** Vivado v2018.3 (64-bit)
  **** SW Build 2405991 on Thu Dec  6 23:38:27 MST 2018
  **** IP Build 2404404 on Fri Dec  7 01:43:56 MST 2018
    ** Copyright 1986-2018 Xilinx, Inc. All Rights Reserved.

source uart.tcl -notrace
Command: synth_design -top uart -part xc7k70tfbg484-3
Starting synth_design
Attempting to get a license for feature 'Synthesis' and/or device 'xc7k70t'
INFO: [Common 17-349] Got license for feature 'Synthesis' and/or device 'xc7k70t'
INFO: Launching helper process for spawning children vivado processes
INFO: Helper process launched with PID 17064 
---------------------------------------------------------------------------------
Starting Synthesize : Time (s): cpu = 00:00:01 ; elapsed = 00:00:01 . Memory (MB): peak = 438.535 ; gain = 99.652
---------------------------------------------------------------------------------
INFO: [Synth 8-638] synthesizing module 'uart' [D:/jobs/rastafan/UART-implementation-using-VHDL/UART/UART.srcs/sources_1/new/uart.vhd:31]
	Parameter Parity bound to: Even - type: string 
	Parameter StartBits bound to: 1 - type: integer 
	Parameter StopBits bound to: 1 - type: integer 
	Parameter ClockFreq bound to: 100000000 - type: integer 
	Parameter BaudRate bound to: 19200 - type: integer 
INFO: [Synth 8-256] done synthesizing module 'uart' (1#1) [D:/jobs/rastafan/UART-implementation-using-VHDL/UART/UART.srcs/sources_1/new/uart.vhd:31]
---------------------------------------------------------------------------------
Finished Synthesize : Time (s): cpu = 00:00:02 ; elapsed = 00:00:02 . Memory (MB): peak = 493.523 ; gain = 154.641
---------------------------------------------------------------------------------
---------------------------------------------------------------------------------
Finished Constraint Validation : Time (s): cpu = 00:00:02 ; elapsed = 00:00:02 . Memory (MB): peak = 493.523 ; gain = 154.641
---------------------------------------------------------------------------------
---------------------------------------------------------------------------------
Start Loading Part and Timing Information
---------------------------------------------------------------------------------
Loading part: xc7k70tfbg484-3
---------------------------------------------------------------------------------
Finished Loading Part and Timing Information : Time (s): cpu = 00:00:02 ; elapsed = 00:00:02 . Memory (MB): peak = 493.523 ; gain = 154.641
---------------------------------------------------------------------------------
INFO: [Device 21-403] Loading part xc7k70tfbg484-3
INFO: [Synth 8-802] inferred FSM for state register 's_RX_stateMachine_reg' in module 'uart'
INFO: [Synth 8-5544] ROM "s_RX_stateMachine" won't be mapped to Block RAM because address size (3) smaller than threshold (5)
INFO: [Synth 8-5544] ROM "s_Rx_outputData_index" won't be mapped to Block RAM because address size (3) smaller than threshold (5)
INFO: [Synth 8-5546] ROM "s_RX_baudrate_counter_flag" won't be mapped to RAM because it is too sparse
INFO: [Synth 8-5544] ROM "s_TX_stateMachine" won't be mapped to Block RAM because address size (3) smaller than threshold (5)
INFO: [Synth 8-5544] ROM "s_Tx_inputData_index" won't be mapped to Block RAM because address size (3) smaller than threshold (5)
INFO: [Synth 8-5544] ROM "s_Tx_inputData_index" won't be mapped to Block RAM because address size (3) smaller than threshold (5)
INFO: [Synth 8-5546] ROM "s_TX_baudRate_counter_flag" won't be mapped to RAM because it is too sparse
INFO: [Synth 8-5544] ROM "s_RX_error" won't be mapped to Block RAM because address size (3) smaller than threshold (5)
INFO: [Synth 8-5544] ROM "s_RX_stateMachine" won't be mapped to Block RAM because address size (1) smaller than threshold (5)
INFO: [Synth 8-5544] ROM "s_RX_stateMachine" won't be mapped to Block RAM because address size (1) smaller than threshold (5)
---------------------------------------------------------------------------------------------------
                   State |                     New Encoding |                Previous Encoding 
---------------------------------------------------------------------------------------------------
                 iSTATE4 |                              000 |                              111
*
                  iSTATE |                              001 |                              000
                 iSTATE0 |                              010 |                              001
                 iSTATE3 |                              011 |                              010
                 iSTATE1 |                              100 |                              011
                 iSTATE2 |                              101 |                              100
                 iSTATE5 |                              110 |                              101
---------------------------------------------------------------------------------------------------
INFO: [Synth 8-3354] encoded FSM with state register 's_RX_stateMachine_reg' using encoding 'sequential' in module 'uart'
---------------------------------------------------------------------------------
Finished RTL Optimization Phase 2 : Time (s): cpu = 00:00:02 ; elapsed = 00:00:02 . Memory (MB): peak = 493.523 ; gain = 154.641
---------------------------------------------------------------------------------

Report RTL Partitions: 
+-+--------------+------------+----------+
| |RTL Partition |Replication |Instances |
+-+--------------+------------+----------+
+-+--------------+------------+----------+
No constraint files found.
---------------------------------------------------------------------------------
Start RTL Component Statistics 
---------------------------------------------------------------------------------
Detailed RTL Component Info : 
+---Adders : 
	   2 Input     13 Bit       Adders := 2     
	   2 Input      3 Bit       Adders := 2     
+---XORs : 
	   2 Input      1 Bit         XORs := 2     
+---Registers : 
	               13 Bit    Registers := 2     
	                8 Bit    Registers := 2     
	                3 Bit    Registers := 3     
	                1 Bit    Registers := 11    
+---Muxes : 
	   2 Input     13 Bit        Muxes := 2     
	   2 Input      8 Bit        Muxes := 2     
	   4 Input      8 Bit        Muxes := 1     
	   7 Input      3 Bit        Muxes := 1     
	   2 Input      3 Bit        Muxes := 3     
	   3 Input      3 Bit        Muxes := 1     
	   4 Input      3 Bit        Muxes := 1     
	   2 Input      1 Bit        Muxes := 18    
	   6 Input      1 Bit        Muxes := 3     
	   5 Input      1 Bit        Muxes := 2     
	   4 Input      1 Bit        Muxes := 4     
	   7 Input      1 Bit        Muxes := 2     
	   3 Input      1 Bit        Muxes := 3     
---------------------------------------------------------------------------------
Finished RTL Component Statistics 
---------------------------------------------------------------------------------
---------------------------------------------------------------------------------
Start RTL Hierarchical Component Statistics 
---------------------------------------------------------------------------------
Hierarchical RTL Component report 
Module uart 
Detailed RTL Component Info : 
+---Adders : 
	   2 Input     13 Bit       Adders := 2     
	   2 Input      3 Bit       Adders := 2     
+---XORs : 
	   2 Input      1 Bit         XORs := 2     
+---Registers : 
	               13 Bit    Registers := 2     
	                8 Bit    Registers := 2     
	                3 Bit    Registers := 3     
	                1 Bit    Registers := 11    
+---Muxes : 
	   2 Input     13 Bit        Muxes := 2     
	   2 Input      8 Bit        Muxes := 2     
	   4 Input      8 Bit        Muxes := 1     
	   7 Input      3 Bit        Muxes := 1     
	   2 Input      3 Bit        Muxes := 3     
	   3 Input      3 Bit        Muxes := 1     
	   4 Input      3 Bit        Muxes := 1     
	   2 Input      1 Bit        Muxes := 18    
	   6 Input      1 Bit        Muxes := 3     
	   5 Input      1 Bit        Muxes := 2     
	   4 Input      1 Bit        Muxes := 4     
	   7 Input      1 Bit        Muxes := 2     
	   3 Input      1 Bit        Muxes := 3     
---------------------------------------------------------------------------------
Finished RTL Hierarchical Component Statistics
---------------------------------------------------------------------------------
---------------------------------------------------------------------------------
Start Part Resource Summary
---------------------------------------------------------------------------------
Part Resources:
DSPs: 240 (col length:80)
BRAMs: 270 (col length: RAMB18 80 RAMB36 40)
---------------------------------------------------------------------------------
Finished Part Resource Summary
---------------------------------------------------------------------------------
No constraint files found.
---------------------------------------------------------------------------------
Start Cross Boundary and Area Optimization
---------------------------------------------------------------------------------
Warning: Parallel synthesis criteria is not met 
INFO: [Synth 8-5544] ROM "s_RX_stateMachine" won't be mapped to Block RAM because address size (3) smaller than threshold (5)
INFO: [Synth 8-5544] ROM "s_Rx_outputData_index" won't be mapped to Block RAM because address size (3) smaller than threshold (5)
INFO: [Synth 8-5544] ROM "s_Tx_inputData_index" won't be mapped to Block RAM because address size (3) smaller than threshold (5)
INFO: [Synth 8-5544] ROM "s_TX_stateMachine" won't be mapped to Block RAM because address size (3) smaller than threshold (5)
INFO: [Synth 8-5546] ROM "s_RX_baudrate_counter_flag" won't be mapped to RAM because it is too sparse
INFO: [Synth 8-5546] ROM "s_TX_baudRate_counter_flag" won't be mapped to RAM because it is too sparse
---------------------------------------------------------------------------------
Finished Cross Boundary and Area Optimization : Time (s): cpu = 00:00:03 ; elapsed = 00:00:03 . Memory (MB): peak = 632.195 ; gain = 293.312
---------------------------------------------------------------------------------

Report RTL Partitions: 
+-+--------------+------------+----------+
| |RTL Partition |Replication |Instances |
+-+--------------+------------+----------+
+-+--------------+------------+----------+
No constraint files found.
---------------------------------------------------------------------------------
Start Timing Optimization
---------------------------------------------------------------------------------
---------------------------------------------------------------------------------
Finished Timing Optimization : Time (s): cpu = 00:00:03 ; elapsed = 00:00:03 . Memory (MB): peak = 632.195 ; gain = 293.312
---------------------------------------------------------------------------------

Report RTL Partitions: 
+-+--------------+------------+----------+
| |RTL Partition |Replication |Instances |
+-+--------------+------------+----------+
+-+--------------+------------+----------+
---------------------------------------------------------------------------------
Start Technology Mapping
---------------------------------------------------------------------------------
---------------------------------------------------------------------------------
Finished Technology Mapping : Time (s): cpu = 00:00:03 ; elapsed = 00:00:03 . Memory (MB): peak = 632.668 ; gain = 293.785
---------------------------------------------------------------------------------

Report RTL Partitions: 
+-+--------------+------------+----------+
| |RTL Partition |Replication |Instances |
+-+--------------+------------+----------+
+-+--------------+------------+----------+
---------------------------------------------------------------------------------
Start IO Insertion
---------------------------------------------------------------------------------
---------------------------------------------------------------------------------
Start Flattening Before IO Insertion
---------------------------------------------------------------------------------
---------------------------------------------------------------------------------
Finished Flattening Before IO Insertion
---------------------------------------------------------------------------------
---------------------------------------------------------------------------------
Start Final Netlist Cleanup
---------------------------------------------------------------------------------
---------------------------------------------------------------------------------
Finished Final Netlist Cleanup
---------------------------------------------------------------------------------
---------------------------------------------------------------------------------
Finished IO Insertion : Time (s): cpu = 00:00:04 ; elapsed = 00:00:04 . Memory (MB): peak = 632.668 ; gain = 293.785
---------------------------------------------------------------------------------

Report Check Netlist: 
+------+------------------+-------+---------+-------+------------------+
|      |Item              |Errors |Warnings |Status |Description       |
+------+------------------+-------+---------+-------+------------------+
|1     |multi_driven_nets |      0|        0|Passed |Multi driven nets |
+------+------------------+-------+---------+-------+------------------+
---------------------------------------------------------------------------------
Start Renaming Generated Instances
---------------------------------------------------------------------------------
---------------------------------------------------------------------------------
Finished Renaming Generated Instances : Time (s): cpu = 00:00:04 ; elapsed = 00:00:04 . Memory (MB): peak = 632.668 ; gain = 293.785
---------------------------------------------------------------------------------

Report RTL Partitions: 
+-+--------------+------------+----------+
| |RTL Partition |Replication |Instances |
+-+--------------+------------+----------+
+-+--------------+------------+----------+
---------------------------------------------------------------------------------
Start Rebuilding User Hierarchy
---------------------------------------------------------------------------------
---------------------------------------------------------------------------------
Finished Rebuilding User Hierarchy : Time (s): cpu = 00:00:04 ; elapsed = 00:00:04 . Memory (MB): peak = 632.668 ; gain = 293.785
---------------------------------------------------------------------------------
---------------------------------------------------------------------------------
Start Renaming Generated Ports
---------------------------------------------------------------------------------
---------------------------------------------------------------------------------
Finished Renaming Generated Ports : Time (s): cpu = 00:00:04 ; elapsed = 00:00:04 . Memory (MB): peak = 632.668 ; gain = 293.785
---------------------------------------------------------------------------------
---------------------------------------------------------------------------------
Start Handling Custom Attributes
---------------------------------------------------------------------------------
---------------------------------------------------------------------------------
Finished Handling Custom Attributes : Time (s): cpu = 00:00:04 ; elapsed = 00:00:04 . Memory (MB): peak = 632.668 ; gain = 293.785
---------------------------------------------------------------------------------
---------------------------------------------------------------------------------
Start Renaming Generated Nets
---------------------------------------------------------------------------------
---------------------------------------------------------------------------------
Finished Renaming Generated Nets : Time (s): cpu = 00:00:04 ; elapsed = 00:00:04 . Memory (MB): peak = 632.668 ; gain = 293.785
---------------------------------------------------------------------------------
---------------------------------------------------------------------------------
Start Writing Synthesis Report
---------------------------------------------------------------------------------

Report BlackBoxes: 
+-+--------------+----------+
| |BlackBox name |Instances |
+-+--------------+----------+
+-+--------------+----------+

Report Cell Usage: 
+------+-------+------+
|      |Cell   |Count |
+------+-------+------+
|1     |BUFG   |     1|
|2     |CARRY4 |     6|
|3     |LUT2   |     5|
|4     |LUT3   |     8|
|5     |LUT4   |    17|
|6     |LUT5   |    25|
|7     |LUT6   |    28|
|8     |MUXF7  |     1|
|9     |FDRE   |    64|
|10    |FDSE   |     1|
|11    |IBUF   |    12|
|12    |OBUF   |    12|
+------+-------+------+

Report Instance Areas: 
+------+---------+-------+------+
|      |Instance |Module |Cells |
+------+---------+-------+------+
|1     |top      |       |   180|
+------+---------+-------+------+
---------------------------------------------------------------------------------
Finished Writing Synthesis Report : Time (s): cpu = 00:00:04 ; elapsed = 00:00:04 . Memory (MB): peak = 632.668 ; gain = 293.785
---------------------------------------------------------------------------------
Synthesis finished with 0 errors, 0 critical warnings and 0 warnings.
Synthesis Optimization Runtime : Time (s): cpu = 00:00:04 ; elapsed = 00:00:04 . Memory (MB): peak = 632.668 ; gain = 293.785
Synthesis Optimization Complete : Time (s): cpu = 00:00:04 ; elapsed = 00:00:04 . Memory (MB): peak = 632.668 ; gain = 293.785
INFO: [Project 1-571] Translating synthesized netlist
INFO: [Netlist 29-17] Analyzing 7 Unisim elements for replacement
INFO: [Netlist 29-28] Unisim Transformation completed in 0 CPU seconds
INFO: [Project 1-570] Preparing netlist for logic optimization
INFO: [Opt 31-138] Pushed 0 inverter(s) to 0 load pin(s).
Netlist sorting complete. Time (s): cpu = 00:00:00 ; elapsed = 00:00:00 . Memory (MB): peak = 732.969 ; gain = 0.000
INFO: [Project 1-111] Unisim Transformation Summary:
No Unisim elements were transformed.

INFO: [Common 17-83] Releasing license: Synthesis
29 Infos, 0 Warnings, 0 Critical Warnings and 0 Errors encountered.
synth_design completed successfully
synth_design: Time (s): cpu = 00:00:06 ; elapsed = 00:00:07 . Memory (MB): peak = 732.969 ; gain = 407.375
Netlist sorting complete. Time (s): cpu = 00:00:00 ; elapsed = 00:00:00 . Memory (MB): peak = 732.969 ; gain = 0.000
WARNING: [Constraints 18-5210] No constraints selected for write.
Resolution: This message can indicate that there are no constraints for the design, or it can indicate that the used_in flags are set such that the constraints are ignored. This later case is used when running synth_design to not write synthesis constraints to the resulting checkpoint. Instead, project constraints are read when the synthesized design is opened.
INFO: [Common 17-1381] The checkpoint 'D:/jobs/rastafan/UART-implementation-using-VHDL/UART/UART.runs/synth_1/uart.dcp' has been generated.
INFO: [runtcl-4] Executing : report_utilization -file uart_utilization_synth.rpt -pb uart_utilization_synth.pb
INFO: [Common 17-206] Exiting Vivado at Thu Apr 24 13:45:37 2025...
