Copyright 1986-2018 Xilinx, Inc. All Rights Reserved.
---------------------------------------------------------------------------------------------------------------------------------------------
| Tool Version : Vivado v.2018.3 (win64) Build 2405991 Thu Dec  6 23:38:27 MST 2018
| Date         : Tue Apr 29 19:14:10 2025
| Host         : DESKTOP-D2HHB5O running 64-bit major release  (build 9200)
| Command      : report_bus_skew -warn_on_violation -file uart_bus_skew_routed.rpt -pb uart_bus_skew_routed.pb -rpx uart_bus_skew_routed.rpx
| Design       : uart
| Device       : 7k70t-fbg484
| Speed File   : -3  PRODUCTION 1.12 2017-02-17
---------------------------------------------------------------------------------------------------------------------------------------------

Bus Skew Report

Table of Contents
-----------------
1. Bus Skew Report Summary
2. Bus Skew Report Per Constraint

1. Bus Skew Report Summary
--------------------------

Id  Position  From                            To                              Corner  Requirement(ns)  Actual(ns)  Slack(ns)
--  --------  ------------------------------  ------------------------------  ------  ---------------  ----------  ---------
1   7         [get_cells [list {CDC_FIFO_Instant/U0/inst_fifo_gen/gconvfifo.rf/grf.rf/gntv_or_sync_fifo.gcx.clkx/rd_pntr_cdc_inst/src_gray_ff_reg[0]} {CDC_FIFO_Instant/U0/inst_fifo_gen/gconvfifo.rf/grf.rf/gntv_or_sync_fifo.gcx.clkx/rd_pntr_cdc_inst/src_gray_ff_reg[1]} {CDC_FIFO_Instant/U0/inst_fifo_gen/gconvfifo.rf/grf.rf/gntv_or_sync_fifo.gcx.clkx/rd_pntr_cdc_inst/src_gray_ff_reg[2]} {CDC_FIFO_Instant/U0/inst_fifo_gen/gconvfifo.rf/grf.rf/gntv_or_sync_fifo.gcx.clkx/rd_pntr_cdc_inst/src_gray_ff_reg[3]}]]
                                              [get_cells [list {CDC_FIFO_Instant/U0/inst_fifo_gen/gconvfifo.rf/grf.rf/gntv_or_sync_fifo.gcx.clkx/rd_pntr_cdc_inst/dest_graysync_ff_reg[0][0]} {CDC_FIFO_Instant/U0/inst_fifo_gen/gconvfifo.rf/grf.rf/gntv_or_sync_fifo.gcx.clkx/rd_pntr_cdc_inst/dest_graysync_ff_reg[0][1]} {CDC_FIFO_Instant/U0/inst_fifo_gen/gconvfifo.rf/grf.rf/gntv_or_sync_fifo.gcx.clkx/rd_pntr_cdc_inst/dest_graysync_ff_reg[0][2]} {CDC_FIFO_Instant/U0/inst_fifo_gen/gconvfifo.rf/grf.rf/gntv_or_sync_fifo.gcx.clkx/rd_pntr_cdc_inst/dest_graysync_ff_reg[0][3]}]]
                                                                              Slow              5.000       0.355      4.645
2   9         [get_cells [list {CDC_FIFO_Instant/U0/inst_fifo_gen/gconvfifo.rf/grf.rf/gntv_or_sync_fifo.gcx.clkx/wr_pntr_cdc_inst/src_gray_ff_reg[0]} {CDC_FIFO_Instant/U0/inst_fifo_gen/gconvfifo.rf/grf.rf/gntv_or_sync_fifo.gcx.clkx/wr_pntr_cdc_inst/src_gray_ff_reg[1]} {CDC_FIFO_Instant/U0/inst_fifo_gen/gconvfifo.rf/grf.rf/gntv_or_sync_fifo.gcx.clkx/wr_pntr_cdc_inst/src_gray_ff_reg[2]} {CDC_FIFO_Instant/U0/inst_fifo_gen/gconvfifo.rf/grf.rf/gntv_or_sync_fifo.gcx.clkx/wr_pntr_cdc_inst/src_gray_ff_reg[3]}]]
                                              [get_cells [list {CDC_FIFO_Instant/U0/inst_fifo_gen/gconvfifo.rf/grf.rf/gntv_or_sync_fifo.gcx.clkx/wr_pntr_cdc_inst/dest_graysync_ff_reg[0][0]} {CDC_FIFO_Instant/U0/inst_fifo_gen/gconvfifo.rf/grf.rf/gntv_or_sync_fifo.gcx.clkx/wr_pntr_cdc_inst/dest_graysync_ff_reg[0][1]} {CDC_FIFO_Instant/U0/inst_fifo_gen/gconvfifo.rf/grf.rf/gntv_or_sync_fifo.gcx.clkx/wr_pntr_cdc_inst/dest_graysync_ff_reg[0][2]} {CDC_FIFO_Instant/U0/inst_fifo_gen/gconvfifo.rf/grf.rf/gntv_or_sync_fifo.gcx.clkx/wr_pntr_cdc_inst/dest_graysync_ff_reg[0][3]}]]
                                                                              Slow              5.000       0.406      4.594


2. Bus Skew Report Per Constraint
---------------------------------

Id: 1
set_bus_skew -from [get_cells [list {CDC_FIFO_Instant/U0/inst_fifo_gen/gconvfifo.rf/grf.rf/gntv_or_sync_fifo.gcx.clkx/rd_pntr_cdc_inst/src_gray_ff_reg[0]} {CDC_FIFO_Instant/U0/inst_fifo_gen/gconvfifo.rf/grf.rf/gntv_or_sync_fifo.gcx.clkx/rd_pntr_cdc_inst/src_gray_ff_reg[1]} {CDC_FIFO_Instant/U0/inst_fifo_gen/gconvfifo.rf/grf.rf/gntv_or_sync_fifo.gcx.clkx/rd_pntr_cdc_inst/src_gray_ff_reg[2]} {CDC_FIFO_Instant/U0/inst_fifo_gen/gconvfifo.rf/grf.rf/gntv_or_sync_fifo.gcx.clkx/rd_pntr_cdc_inst/src_gray_ff_reg[3]}]] -to [get_cells [list {CDC_FIFO_Instant/U0/inst_fifo_gen/gconvfifo.rf/grf.rf/gntv_or_sync_fifo.gcx.clkx/rd_pntr_cdc_inst/dest_graysync_ff_reg[0][0]} {CDC_FIFO_Instant/U0/inst_fifo_gen/gconvfifo.rf/grf.rf/gntv_or_sync_fifo.gcx.clkx/rd_pntr_cdc_inst/dest_graysync_ff_reg[0][1]} {CDC_FIFO_Instant/U0/inst_fifo_gen/gconvfifo.rf/grf.rf/gntv_or_sync_fifo.gcx.clkx/rd_pntr_cdc_inst/dest_graysync_ff_reg[0][2]} {CDC_FIFO_Instant/U0/inst_fifo_gen/gconvfifo.rf/grf.rf/gntv_or_sync_fifo.gcx.clkx/rd_pntr_cdc_inst/dest_graysync_ff_reg[0][3]}]] 5.000
Requirement: 5.000ns
Endpoints: 4

From Clock            To Clock              Endpoint Pin                    Reference Pin                   Corner  Actual(ns)  Slack(ns)
--------------------  --------------------  ------------------------------  ------------------------------  ------  ----------  ---------
Clk                   Clk200                CDC_FIFO_Instant/U0/inst_fifo_gen/gconvfifo.rf/grf.rf/gntv_or_sync_fifo.gcx.clkx/rd_pntr_cdc_inst/dest_graysync_ff_reg[0][0]/D
                                                                            CDC_FIFO_Instant/U0/inst_fifo_gen/gconvfifo.rf/grf.rf/gntv_or_sync_fifo.gcx.clkx/rd_pntr_cdc_inst/dest_graysync_ff_reg[0][2]/D
                                                                                                            Slow         0.355      4.645


Slack (MET) :             4.645ns  (requirement - actual skew)
  Endpoint Source:        CDC_FIFO_Instant/U0/inst_fifo_gen/gconvfifo.rf/grf.rf/gntv_or_sync_fifo.gcx.clkx/rd_pntr_cdc_inst/src_gray_ff_reg[0]/C
                            (rising edge-triggered cell FDRE clocked by Clk)
  Endpoint Destination:   CDC_FIFO_Instant/U0/inst_fifo_gen/gconvfifo.rf/grf.rf/gntv_or_sync_fifo.gcx.clkx/rd_pntr_cdc_inst/dest_graysync_ff_reg[0][0]/D
                            (rising edge-triggered cell FDRE clocked by Clk200)
  Reference Source:       CDC_FIFO_Instant/U0/inst_fifo_gen/gconvfifo.rf/grf.rf/gntv_or_sync_fifo.gcx.clkx/rd_pntr_cdc_inst/src_gray_ff_reg[2]/C
                            (rising edge-triggered cell FDRE clocked by Clk)
  Reference Destination:  CDC_FIFO_Instant/U0/inst_fifo_gen/gconvfifo.rf/grf.rf/gntv_or_sync_fifo.gcx.clkx/rd_pntr_cdc_inst/dest_graysync_ff_reg[0][2]/D
                            (rising edge-triggered cell FDRE clocked by Clk200)
  Path Type:              Bus Skew (Max at Slow Process Corner)
  Requirement:            5.000ns
  Endpoint Relative Delay:    0.904ns
  Reference Relative Delay:  -0.036ns
  Relative CRPR:              0.620ns
  Uncertainty:                0.035ns
  Actual Bus Skew:            0.355ns  (Endpoint Relative Delay - Reference Relative Delay - Relative CRPR + Uncertainty)

Endpoint path:
    Location             Delay type                Incr(ns)  Path(ns)    Netlist Resource(s)
  -------------------------------------------------------------------    -------------------
                         (clock Clk rise edge)        0.000     0.000 r  
    V19                                               0.000     0.000 r  Clk (IN)
                         net (fo=0)                   0.000     0.000    Clk
    V19                  IBUF (Prop_ibuf_I_O)         1.410     1.410 r  Clk_IBUF_inst/O
                         net (fo=1, routed)           1.732     3.142    Clk_IBUF
    BUFGCTRL_X0Y0        BUFG (Prop_bufg_I_O)         0.080     3.222 r  Clk_IBUF_BUFG_inst/O
                         net (fo=107, routed)         1.310     4.532    CDC_FIFO_Instant/U0/inst_fifo_gen/gconvfifo.rf/grf.rf/gntv_or_sync_fifo.gcx.clkx/rd_pntr_cdc_inst/src_clk
    SLICE_X3Y28          FDRE                                         r  CDC_FIFO_Instant/U0/inst_fifo_gen/gconvfifo.rf/grf.rf/gntv_or_sync_fifo.gcx.clkx/rd_pntr_cdc_inst/src_gray_ff_reg[0]/C
  -------------------------------------------------------------------    -------------------
    SLICE_X3Y28          FDRE (Prop_fdre_C_Q)         0.216     4.748 r  CDC_FIFO_Instant/U0/inst_fifo_gen/gconvfifo.rf/grf.rf/gntv_or_sync_fifo.gcx.clkx/rd_pntr_cdc_inst/src_gray_ff_reg[0]/Q
                         net (fo=1, routed)           0.334     5.082    CDC_FIFO_Instant/U0/inst_fifo_gen/gconvfifo.rf/grf.rf/gntv_or_sync_fifo.gcx.clkx/rd_pntr_cdc_inst/async_path[0]
    SLICE_X4Y30          FDRE                                         r  CDC_FIFO_Instant/U0/inst_fifo_gen/gconvfifo.rf/grf.rf/gntv_or_sync_fifo.gcx.clkx/rd_pntr_cdc_inst/dest_graysync_ff_reg[0][0]/D
  -------------------------------------------------------------------    -------------------

                         (clock Clk200 rise edge)     0.000     0.000 r  
    Y18                                               0.000     0.000 r  Clk200 (IN)
                         net (fo=0)                   0.000     0.000    Clk200
    Y18                  IBUF (Prop_ibuf_I_O)         1.271     1.271 r  Clk200_IBUF_inst/O
                         net (fo=1, routed)           1.649     2.920    Clk200_IBUF
    BUFGCTRL_X0Y1        BUFG (Prop_bufg_I_O)         0.072     2.992 r  Clk200_IBUF_BUFG_inst/O
                         net (fo=97, routed)          1.196     4.188    CDC_FIFO_Instant/U0/inst_fifo_gen/gconvfifo.rf/grf.rf/gntv_or_sync_fifo.gcx.clkx/rd_pntr_cdc_inst/dest_clk
    SLICE_X4Y30          FDRE                                         r  CDC_FIFO_Instant/U0/inst_fifo_gen/gconvfifo.rf/grf.rf/gntv_or_sync_fifo.gcx.clkx/rd_pntr_cdc_inst/dest_graysync_ff_reg[0][0]/C
                         clock pessimism              0.000     4.188    
    SLICE_X4Y30          FDRE (Setup_fdre_C_D)       -0.010     4.178    CDC_FIFO_Instant/U0/inst_fifo_gen/gconvfifo.rf/grf.rf/gntv_or_sync_fifo.gcx.clkx/rd_pntr_cdc_inst/dest_graysync_ff_reg[0][0]
  -------------------------------------------------------------------
                         data arrival                           5.082    
                         clock arrival                          4.178    
  -------------------------------------------------------------------
                         relative delay                         0.904    

Reference path:
    Location             Delay type                Incr(ns)  Path(ns)    Netlist Resource(s)
  -------------------------------------------------------------------    -------------------
                         (clock Clk rise edge)        0.000     0.000 r  
    V19                                               0.000     0.000 r  Clk (IN)
                         net (fo=0)                   0.000     0.000    Clk
    V19                  IBUF (Prop_ibuf_I_O)         1.285     1.285 r  Clk_IBUF_inst/O
                         net (fo=1, routed)           1.649     2.934    Clk_IBUF
    BUFGCTRL_X0Y0        BUFG (Prop_bufg_I_O)         0.072     3.006 r  Clk_IBUF_BUFG_inst/O
                         net (fo=107, routed)         1.195     4.201    CDC_FIFO_Instant/U0/inst_fifo_gen/gconvfifo.rf/grf.rf/gntv_or_sync_fifo.gcx.clkx/rd_pntr_cdc_inst/src_clk
    SLICE_X3Y28          FDRE                                         r  CDC_FIFO_Instant/U0/inst_fifo_gen/gconvfifo.rf/grf.rf/gntv_or_sync_fifo.gcx.clkx/rd_pntr_cdc_inst/src_gray_ff_reg[2]/C
  -------------------------------------------------------------------    -------------------
    SLICE_X3Y28          FDRE (Prop_fdre_C_Q)         0.173     4.374 r  CDC_FIFO_Instant/U0/inst_fifo_gen/gconvfifo.rf/grf.rf/gntv_or_sync_fifo.gcx.clkx/rd_pntr_cdc_inst/src_gray_ff_reg[2]/Q
                         net (fo=1, routed)           0.214     4.588    CDC_FIFO_Instant/U0/inst_fifo_gen/gconvfifo.rf/grf.rf/gntv_or_sync_fifo.gcx.clkx/rd_pntr_cdc_inst/async_path[2]
    SLICE_X1Y28          FDRE                                         r  CDC_FIFO_Instant/U0/inst_fifo_gen/gconvfifo.rf/grf.rf/gntv_or_sync_fifo.gcx.clkx/rd_pntr_cdc_inst/dest_graysync_ff_reg[0][2]/D
  -------------------------------------------------------------------    -------------------

                         (clock Clk200 rise edge)     0.000     0.000 r  
    Y18                                               0.000     0.000 r  Clk200 (IN)
                         net (fo=0)                   0.000     0.000    Clk200
    Y18                  IBUF (Prop_ibuf_I_O)         1.396     1.396 r  Clk200_IBUF_inst/O
                         net (fo=1, routed)           1.732     3.128    Clk200_IBUF
    BUFGCTRL_X0Y1        BUFG (Prop_bufg_I_O)         0.080     3.208 r  Clk200_IBUF_BUFG_inst/O
                         net (fo=97, routed)          1.310     4.518    CDC_FIFO_Instant/U0/inst_fifo_gen/gconvfifo.rf/grf.rf/gntv_or_sync_fifo.gcx.clkx/rd_pntr_cdc_inst/dest_clk
    SLICE_X1Y28          FDRE                                         r  CDC_FIFO_Instant/U0/inst_fifo_gen/gconvfifo.rf/grf.rf/gntv_or_sync_fifo.gcx.clkx/rd_pntr_cdc_inst/dest_graysync_ff_reg[0][2]/C
                         clock pessimism              0.000     4.518    
    SLICE_X1Y28          FDRE (Hold_fdre_C_D)         0.106     4.624    CDC_FIFO_Instant/U0/inst_fifo_gen/gconvfifo.rf/grf.rf/gntv_or_sync_fifo.gcx.clkx/rd_pntr_cdc_inst/dest_graysync_ff_reg[0][2]
  -------------------------------------------------------------------
                         data arrival                           4.588    
                         clock arrival                          4.624    
  -------------------------------------------------------------------
                         relative delay                        -0.036    



Id: 2
set_bus_skew -from [get_cells [list {CDC_FIFO_Instant/U0/inst_fifo_gen/gconvfifo.rf/grf.rf/gntv_or_sync_fifo.gcx.clkx/wr_pntr_cdc_inst/src_gray_ff_reg[0]} {CDC_FIFO_Instant/U0/inst_fifo_gen/gconvfifo.rf/grf.rf/gntv_or_sync_fifo.gcx.clkx/wr_pntr_cdc_inst/src_gray_ff_reg[1]} {CDC_FIFO_Instant/U0/inst_fifo_gen/gconvfifo.rf/grf.rf/gntv_or_sync_fifo.gcx.clkx/wr_pntr_cdc_inst/src_gray_ff_reg[2]} {CDC_FIFO_Instant/U0/inst_fifo_gen/gconvfifo.rf/grf.rf/gntv_or_sync_fifo.gcx.clkx/wr_pntr_cdc_inst/src_gray_ff_reg[3]}]] -to [get_cells [list {CDC_FIFO_Instant/U0/inst_fifo_gen/gconvfifo.rf/grf.rf/gntv_or_sync_fifo.gcx.clkx/wr_pntr_cdc_inst/dest_graysync_ff_reg[0][0]} {CDC_FIFO_Instant/U0/inst_fifo_gen/gconvfifo.rf/grf.rf/gntv_or_sync_fifo.gcx.clkx/wr_pntr_cdc_inst/dest_graysync_ff_reg[0][1]} {CDC_FIFO_Instant/U0/inst_fifo_gen/gconvfifo.rf/grf.rf/gntv_or_sync_fifo.gcx.clkx/wr_pntr_cdc_inst/dest_graysync_ff_reg[0][2]} {CDC_FIFO_Instant/U0/inst_fifo_gen/gconvfifo.rf/grf.rf/gntv_or_sync_fifo.gcx.clkx/wr_pntr_cdc_inst/dest_graysync_ff_reg[0][3]}]] 5.000
Requirement: 5.000ns
Endpoints: 4

From Clock            To Clock              Endpoint Pin                    Reference Pin                   Corner  Actual(ns)  Slack(ns)
--------------------  --------------------  ------------------------------  ------------------------------  ------  ----------  ---------
Clk200                Clk                   CDC_FIFO_Instant/U0/inst_fifo_gen/gconvfifo.rf/grf.rf/gntv_or_sync_fifo.gcx.clkx/wr_pntr_cdc_inst/dest_graysync_ff_reg[0][1]/D
                                                                            CDC_FIFO_Instant/U0/inst_fifo_gen/gconvfifo.rf/grf.rf/gntv_or_sync_fifo.gcx.clkx/wr_pntr_cdc_inst/dest_graysync_ff_reg[0][2]/D
                                                                                                            Slow         0.406      4.594


Slack (MET) :             4.594ns  (requirement - actual skew)
  Endpoint Source:        CDC_FIFO_Instant/U0/inst_fifo_gen/gconvfifo.rf/grf.rf/gntv_or_sync_fifo.gcx.clkx/wr_pntr_cdc_inst/src_gray_ff_reg[1]/C
                            (rising edge-triggered cell FDRE clocked by Clk200)
  Endpoint Destination:   CDC_FIFO_Instant/U0/inst_fifo_gen/gconvfifo.rf/grf.rf/gntv_or_sync_fifo.gcx.clkx/wr_pntr_cdc_inst/dest_graysync_ff_reg[0][1]/D
                            (rising edge-triggered cell FDRE clocked by Clk)
  Reference Source:       CDC_FIFO_Instant/U0/inst_fifo_gen/gconvfifo.rf/grf.rf/gntv_or_sync_fifo.gcx.clkx/wr_pntr_cdc_inst/src_gray_ff_reg[2]/C
                            (rising edge-triggered cell FDRE clocked by Clk200)
  Reference Destination:  CDC_FIFO_Instant/U0/inst_fifo_gen/gconvfifo.rf/grf.rf/gntv_or_sync_fifo.gcx.clkx/wr_pntr_cdc_inst/dest_graysync_ff_reg[0][2]/D
                            (rising edge-triggered cell FDRE clocked by Clk)
  Path Type:              Bus Skew (Max at Slow Process Corner)
  Requirement:            5.000ns
  Endpoint Relative Delay:    0.862ns
  Reference Relative Delay:  -0.110ns
  Relative CRPR:              0.601ns
  Uncertainty:                0.035ns
  Actual Bus Skew:            0.406ns  (Endpoint Relative Delay - Reference Relative Delay - Relative CRPR + Uncertainty)

Endpoint path:
    Location             Delay type                Incr(ns)  Path(ns)    Netlist Resource(s)
  -------------------------------------------------------------------    -------------------
                         (clock Clk200 rise edge)     0.000     0.000 r  
    Y18                                               0.000     0.000 r  Clk200 (IN)
                         net (fo=0)                   0.000     0.000    Clk200
    Y18                  IBUF (Prop_ibuf_I_O)         1.396     1.396 r  Clk200_IBUF_inst/O
                         net (fo=1, routed)           1.732     3.128    Clk200_IBUF
    BUFGCTRL_X0Y1        BUFG (Prop_bufg_I_O)         0.080     3.208 r  Clk200_IBUF_BUFG_inst/O
                         net (fo=97, routed)          1.312     4.520    CDC_FIFO_Instant/U0/inst_fifo_gen/gconvfifo.rf/grf.rf/gntv_or_sync_fifo.gcx.clkx/wr_pntr_cdc_inst/src_clk
    SLICE_X3Y29          FDRE                                         r  CDC_FIFO_Instant/U0/inst_fifo_gen/gconvfifo.rf/grf.rf/gntv_or_sync_fifo.gcx.clkx/wr_pntr_cdc_inst/src_gray_ff_reg[1]/C
  -------------------------------------------------------------------    -------------------
    SLICE_X3Y29          FDRE (Prop_fdre_C_Q)         0.198     4.718 r  CDC_FIFO_Instant/U0/inst_fifo_gen/gconvfifo.rf/grf.rf/gntv_or_sync_fifo.gcx.clkx/wr_pntr_cdc_inst/src_gray_ff_reg[1]/Q
                         net (fo=1, routed)           0.256     4.974    CDC_FIFO_Instant/U0/inst_fifo_gen/gconvfifo.rf/grf.rf/gntv_or_sync_fifo.gcx.clkx/wr_pntr_cdc_inst/async_path[1]
    SLICE_X4Y29          FDRE                                         r  CDC_FIFO_Instant/U0/inst_fifo_gen/gconvfifo.rf/grf.rf/gntv_or_sync_fifo.gcx.clkx/wr_pntr_cdc_inst/dest_graysync_ff_reg[0][1]/D
  -------------------------------------------------------------------    -------------------

                         (clock Clk rise edge)        0.000     0.000 r  
    V19                                               0.000     0.000 r  Clk (IN)
                         net (fo=0)                   0.000     0.000    Clk
    V19                  IBUF (Prop_ibuf_I_O)         1.285     1.285 r  Clk_IBUF_inst/O
                         net (fo=1, routed)           1.649     2.934    Clk_IBUF
    BUFGCTRL_X0Y0        BUFG (Prop_bufg_I_O)         0.072     3.006 r  Clk_IBUF_BUFG_inst/O
                         net (fo=107, routed)         1.195     4.201    CDC_FIFO_Instant/U0/inst_fifo_gen/gconvfifo.rf/grf.rf/gntv_or_sync_fifo.gcx.clkx/wr_pntr_cdc_inst/dest_clk
    SLICE_X4Y29          FDRE                                         r  CDC_FIFO_Instant/U0/inst_fifo_gen/gconvfifo.rf/grf.rf/gntv_or_sync_fifo.gcx.clkx/wr_pntr_cdc_inst/dest_graysync_ff_reg[0][1]/C
                         clock pessimism              0.000     4.201    
    SLICE_X4Y29          FDRE (Setup_fdre_C_D)       -0.089     4.112    CDC_FIFO_Instant/U0/inst_fifo_gen/gconvfifo.rf/grf.rf/gntv_or_sync_fifo.gcx.clkx/wr_pntr_cdc_inst/dest_graysync_ff_reg[0][1]
  -------------------------------------------------------------------
                         data arrival                           4.974    
                         clock arrival                          4.112    
  -------------------------------------------------------------------
                         relative delay                         0.862    

Reference path:
    Location             Delay type                Incr(ns)  Path(ns)    Netlist Resource(s)
  -------------------------------------------------------------------    -------------------
                         (clock Clk200 rise edge)     0.000     0.000 r  
    Y18                                               0.000     0.000 r  Clk200 (IN)
                         net (fo=0)                   0.000     0.000    Clk200
    Y18                  IBUF (Prop_ibuf_I_O)         1.271     1.271 r  Clk200_IBUF_inst/O
                         net (fo=1, routed)           1.649     2.920    Clk200_IBUF
    BUFGCTRL_X0Y1        BUFG (Prop_bufg_I_O)         0.072     2.992 r  Clk200_IBUF_BUFG_inst/O
                         net (fo=97, routed)          1.196     4.188    CDC_FIFO_Instant/U0/inst_fifo_gen/gconvfifo.rf/grf.rf/gntv_or_sync_fifo.gcx.clkx/wr_pntr_cdc_inst/src_clk
    SLICE_X4Y30          FDRE                                         r  CDC_FIFO_Instant/U0/inst_fifo_gen/gconvfifo.rf/grf.rf/gntv_or_sync_fifo.gcx.clkx/wr_pntr_cdc_inst/src_gray_ff_reg[2]/C
  -------------------------------------------------------------------    -------------------
    SLICE_X4Y30          FDRE (Prop_fdre_C_Q)         0.173     4.361 r  CDC_FIFO_Instant/U0/inst_fifo_gen/gconvfifo.rf/grf.rf/gntv_or_sync_fifo.gcx.clkx/wr_pntr_cdc_inst/src_gray_ff_reg[2]/Q
                         net (fo=1, routed)           0.204     4.565    CDC_FIFO_Instant/U0/inst_fifo_gen/gconvfifo.rf/grf.rf/gntv_or_sync_fifo.gcx.clkx/wr_pntr_cdc_inst/async_path[2]
    SLICE_X6Y29          FDRE                                         r  CDC_FIFO_Instant/U0/inst_fifo_gen/gconvfifo.rf/grf.rf/gntv_or_sync_fifo.gcx.clkx/wr_pntr_cdc_inst/dest_graysync_ff_reg[0][2]/D
  -------------------------------------------------------------------    -------------------

                         (clock Clk rise edge)        0.000     0.000 r  
    V19                                               0.000     0.000 r  Clk (IN)
                         net (fo=0)                   0.000     0.000    Clk
    V19                  IBUF (Prop_ibuf_I_O)         1.410     1.410 r  Clk_IBUF_inst/O
                         net (fo=1, routed)           1.732     3.142    Clk_IBUF
    BUFGCTRL_X0Y0        BUFG (Prop_bufg_I_O)         0.080     3.222 r  Clk_IBUF_BUFG_inst/O
                         net (fo=107, routed)         1.311     4.533    CDC_FIFO_Instant/U0/inst_fifo_gen/gconvfifo.rf/grf.rf/gntv_or_sync_fifo.gcx.clkx/wr_pntr_cdc_inst/dest_clk
    SLICE_X6Y29          FDRE                                         r  CDC_FIFO_Instant/U0/inst_fifo_gen/gconvfifo.rf/grf.rf/gntv_or_sync_fifo.gcx.clkx/wr_pntr_cdc_inst/dest_graysync_ff_reg[0][2]/C
                         clock pessimism              0.000     4.533    
    SLICE_X6Y29          FDRE (Hold_fdre_C_D)         0.142     4.675    CDC_FIFO_Instant/U0/inst_fifo_gen/gconvfifo.rf/grf.rf/gntv_or_sync_fifo.gcx.clkx/wr_pntr_cdc_inst/dest_graysync_ff_reg[0][2]
  -------------------------------------------------------------------
                         data arrival                           4.565    
                         clock arrival                          4.675    
  -------------------------------------------------------------------
                         relative delay                        -0.110    



